<TimeLimit<CartPoleEnv<CartPole-v0>>>
epochs=10100
epsilon=0.100000
N=1000
M=256
num_train_iters=128
num_ep_update_value=2001
gamma=1.000000
layer_size=[64]
lr=0.100000
decision_interval=3
Updating Q
Avg timesteps per episode: 16.178000
Num eps: 1000
Experience length: 5115
Updating Q
Avg timesteps per episode: 10.094000
Num eps: 2000
Experience length: 8214
Updating Q
Avg timesteps per episode: 10.440000
Num eps: 3000
Experience length: 11424
Updating Q
Avg timesteps per episode: 65.414000
Num eps: 4000
Experience length: 32920
Updating Q
Avg timesteps per episode: 76.701000
Num eps: 5000
Experience length: 58157
Updating Q
Avg timesteps per episode: 86.153000
Num eps: 6000
Experience length: 86546
Updating Q
Avg timesteps per episode: 55.293000
Num eps: 7000
Experience length: 104626
Updating Q
Avg timesteps per episode: 129.983000
Num eps: 8000
Experience length: 147528
Updating Q
Avg timesteps per episode: 138.951000
Num eps: 9000
Experience length: 193459
Updating Q
Avg timesteps per episode: 146.008000
Num eps: 10000
Experience length: 241648
