<TimeLimit<CartPoleEnv<CartPole-v0>>>
epochs=10100
epsilon=0.100000
N=1000
M=256
num_train_iters=128
num_ep_update_value=2001
gamma=1.000000
layer_size=[64]
lr=0.100000
decision_interval=4
Updating Q
Avg timesteps per episode: 15.150000
Num eps: 1000
Experience length: 3427
Updating Q
Avg timesteps per episode: 10.474000
Num eps: 2000
Experience length: 5707
Updating Q
Avg timesteps per episode: 10.273000
Num eps: 3000
Experience length: 7923
Updating Q
Avg timesteps per episode: 62.508000
Num eps: 4000
Experience length: 23182
Updating Q
Avg timesteps per episode: 33.890000
Num eps: 5000
Experience length: 31302
Updating Q
Avg timesteps per episode: 104.221000
Num eps: 6000
Experience length: 57037
Updating Q
Avg timesteps per episode: 83.919000
Num eps: 7000
Experience length: 77645
Updating Q
Avg timesteps per episode: 91.146000
Num eps: 8000
Experience length: 100039
Updating Q
Avg timesteps per episode: 98.269000
Num eps: 9000
Experience length: 124290
Updating Q
Avg timesteps per episode: 104.125000
Num eps: 10000
Experience length: 149966
