<TimeLimit<CartPoleEnv<CartPole-v0>>>
epochs=10100
epsilon=0.100000
N=1000
M=256
num_train_iters=128
num_ep_update_value=2001
gamma=1.000000
layer_size=[64]
lr=0.100000
decision_interval=2
Updating Q
Avg timesteps per episode: 18.770000
Num eps: 1000
Experience length: 9147
Updating Q
Avg timesteps per episode: 10.005000
Num eps: 2000
Experience length: 13911
Updating Q
Avg timesteps per episode: 10.073000
Num eps: 3000
Experience length: 18707
Updating Q
Avg timesteps per episode: 10.979000
Num eps: 4000
Experience length: 23942
Updating Q
Avg timesteps per episode: 42.379000
Num eps: 5000
Experience length: 44864
Updating Q
Avg timesteps per episode: 95.203000
Num eps: 6000
Experience length: 92264
Updating Q
Avg timesteps per episode: 83.097000
Num eps: 7000
Experience length: 133544
Updating Q
Avg timesteps per episode: 147.493000
Num eps: 8000
Experience length: 207078
Updating Q
Avg timesteps per episode: 153.918000
Num eps: 9000
Experience length: 283795
Updating Q
Avg timesteps per episode: 189.223000
Num eps: 10000
Experience length: 378409
<TimeLimit<CartPoleEnv<CartPole-v0>>>
epochs=10100
epsilon=0.100000
N=1000
M=256
num_train_iters=128
num_ep_update_value=2001
gamma=1.000000
layer_size=[64]
lr=0.100000
decision_interval=2
Updating Q
Avg timesteps per episode: 18.604000
Num eps: 1000
Experience length: 9050
Updating Q
Avg timesteps per episode: 10.022000
Num eps: 2000
Experience length: 13822
Updating Q
Avg timesteps per episode: 10.065000
Num eps: 3000
Experience length: 18623
Updating Q
Avg timesteps per episode: 35.038000
Num eps: 4000
Experience length: 35878
Updating Q
Avg timesteps per episode: 67.764000
Num eps: 5000
Experience length: 69541
Updating Q
Avg timesteps per episode: 130.139000
Num eps: 6000
Experience length: 134416
Updating Q
Avg timesteps per episode: 99.204000
Num eps: 7000
Experience length: 183762
Updating Q
Avg timesteps per episode: 189.682000
Num eps: 8000
Experience length: 278607
Updating Q
Avg timesteps per episode: 191.081000
Num eps: 9000
Experience length: 374023
Updating Q
Avg timesteps per episode: 174.206000
Num eps: 10000
Experience length: 461002
