<TimeLimit<CartPoleEnv<CartPole-v0>>>
epochs=10100
epsilon=0.100000
N=1000
M=256
num_train_iters=128
num_ep_update_value=2001
gamma=1.000000
layer_size=[64]
lr=0.100000
decision_interval=8
Updating Q
Avg timesteps per episode: 9.378000
Num eps: 1000
Experience length: 1000
Updating Q
Avg timesteps per episode: 9.622000
Num eps: 2000
Experience length: 2000
Updating Q
Avg timesteps per episode: 9.939000
Num eps: 3000
Experience length: 3000
Updating Q
Avg timesteps per episode: 9.997000
Num eps: 4000
Experience length: 4000
Updating Q
Avg timesteps per episode: 9.955000
Num eps: 5000
Experience length: 5000
Updating Q
Avg timesteps per episode: 9.341000
Num eps: 6000
Experience length: 6000
Updating Q
Avg timesteps per episode: 9.439000
Num eps: 7000
Experience length: 7000
Updating Q
Avg timesteps per episode: 9.434000
Num eps: 8000
Experience length: 8000
Updating Q
Avg timesteps per episode: 9.421000
Num eps: 9000
Experience length: 9000
Updating Q
Avg timesteps per episode: 9.591000
Num eps: 10000
Experience length: 10000
