<TimeLimit<CartPoleEnv<CartPole-v0>>>
epochs=10100
epsilon=0.100000
N=1000
M=256
num_train_iters=128
num_ep_update_value=2001
gamma=1.000000
layer_size=[64]
lr=0.010000
decision_interval=2
Updating Q
Avg timesteps per episode: 18.494000
Num eps: 1000
Experience length: 8989
Updating Q
Avg timesteps per episode: 9.975000
Num eps: 2000
Experience length: 13736
Updating Q
Avg timesteps per episode: 9.916000
Num eps: 3000
Experience length: 18470
Updating Q
Avg timesteps per episode: 150.339000
Num eps: 4000
Experience length: 93449
Updating Q
Avg timesteps per episode: 38.166000
Num eps: 5000
Experience length: 112224
Updating Q
Avg timesteps per episode: 186.543000
Num eps: 6000
Experience length: 205493
Updating Q
Avg timesteps per episode: 182.532000
Num eps: 7000
Experience length: 296627
Updating Q
Avg timesteps per episode: 182.868000
Num eps: 8000
Experience length: 387985
Updating Q
Avg timesteps per episode: 150.525000
Num eps: 9000
Experience length: 463017
Updating Q
Avg timesteps per episode: 172.320000
Num eps: 10000
Experience length: 549056
